FF Static Chunk execution with argument: 64
mtx_lenght = 64
hardware_concurrency = 32
num_threads = 4
Time taken for FastFlown version: 1 milliseconds
FF Static Chunk execution with argument: 128
mtx_lenght = 128
hardware_concurrency = 32
num_threads = 4
Time taken for FastFlown version: 1 milliseconds
FF Static Chunk execution with argument: 256
mtx_lenght = 256
hardware_concurrency = 32
num_threads = 4
Time taken for FastFlown version: 2 milliseconds
FF Static Chunk execution with argument: 512
mtx_lenght = 512
hardware_concurrency = 32
num_threads = 4
Time taken for FastFlown version: 11 milliseconds
FF Static Chunk execution with argument: 1024
mtx_lenght = 1024
hardware_concurrency = 32
num_threads = 4
Time taken for FastFlown version: 71 milliseconds
FF Static Chunk execution with argument: 2048
mtx_lenght = 2048
hardware_concurrency = 32
num_threads = 4
Time taken for FastFlown version: 663 milliseconds
FF Static Chunk execution with argument: 4096
mtx_lenght = 4096
hardware_concurrency = 32
num_threads = 4
Time taken for FastFlown version: 6068 milliseconds
FF Static Chunk execution with argument: 8192
mtx_lenght = 8192
hardware_concurrency = 32
num_threads = 4
Time taken for FastFlown version: 45087 milliseconds
FF Static Chunk execution with argument: 16384
mtx_lenght = 16384
hardware_concurrency = 32
num_threads = 4
Time taken for FastFlown version: 350441 milliseconds
FF Static Chunk execution with argument: 32768
mtx_lenght = 32768
hardware_concurrency = 32
num_threads = 4
Time taken for FastFlown version: 2741402 milliseconds
FF Static Chunk execution with argument: 64
mtx_lenght = 64
hardware_concurrency = 32
num_threads = 8
Time taken for FastFlown version: 1 milliseconds
FF Static Chunk execution with argument: 128
mtx_lenght = 128
hardware_concurrency = 32
num_threads = 8
Time taken for FastFlown version: 1 milliseconds
FF Static Chunk execution with argument: 256
mtx_lenght = 256
hardware_concurrency = 32
num_threads = 8
Time taken for FastFlown version: 2 milliseconds
FF Static Chunk execution with argument: 512
mtx_lenght = 512
hardware_concurrency = 32
num_threads = 8
Time taken for FastFlown version: 7 milliseconds
FF Static Chunk execution with argument: 1024
mtx_lenght = 1024
hardware_concurrency = 32
num_threads = 8
Time taken for FastFlown version: 37 milliseconds
FF Static Chunk execution with argument: 2048
mtx_lenght = 2048
hardware_concurrency = 32
num_threads = 8
Time taken for FastFlown version: 399 milliseconds
FF Static Chunk execution with argument: 4096
mtx_lenght = 4096
hardware_concurrency = 32
num_threads = 8
Time taken for FastFlown version: 4644 milliseconds
FF Static Chunk execution with argument: 8192
mtx_lenght = 8192
hardware_concurrency = 32
num_threads = 8
Time taken for FastFlown version: 35008 milliseconds
FF Static Chunk execution with argument: 16384
mtx_lenght = 16384
hardware_concurrency = 32
num_threads = 8
Time taken for FastFlown version: 272543 milliseconds
FF Static Chunk execution with argument: 32768
mtx_lenght = 32768
hardware_concurrency = 32
num_threads = 8
Time taken for FastFlown version: 2126834 milliseconds
FF Static Chunk execution with argument: 64
mtx_lenght = 64
hardware_concurrency = 32
num_threads = 16
Time taken for FastFlown version: 2 milliseconds
FF Static Chunk execution with argument: 128
mtx_lenght = 128
hardware_concurrency = 32
num_threads = 16
Time taken for FastFlown version: 2 milliseconds
FF Static Chunk execution with argument: 256
mtx_lenght = 256
hardware_concurrency = 32
num_threads = 16
Time taken for FastFlown version: 4 milliseconds
FF Static Chunk execution with argument: 512
mtx_lenght = 512
hardware_concurrency = 32
num_threads = 16
Time taken for FastFlown version: 7 milliseconds
FF Static Chunk execution with argument: 1024
mtx_lenght = 1024
hardware_concurrency = 32
num_threads = 16
Time taken for FastFlown version: 25 milliseconds
FF Static Chunk execution with argument: 2048
mtx_lenght = 2048
hardware_concurrency = 32
num_threads = 16
Time taken for FastFlown version: 144 milliseconds
FF Static Chunk execution with argument: 4096
mtx_lenght = 4096
hardware_concurrency = 32
num_threads = 16
Time taken for FastFlown version: 2658 milliseconds
FF Static Chunk execution with argument: 8192
mtx_lenght = 8192
hardware_concurrency = 32
num_threads = 16
Time taken for FastFlown version: 22711 milliseconds
FF Static Chunk execution with argument: 16384
mtx_lenght = 16384
hardware_concurrency = 32
num_threads = 16
Time taken for FastFlown version: 167954 milliseconds
FF Static Chunk execution with argument: 32768
mtx_lenght = 32768
hardware_concurrency = 32
num_threads = 16
Time taken for FastFlown version: 1239080 milliseconds
