FF Static Chunk execution with argument: 64
mtx_lenght = 64
hardware_concurrency = 32
num_threads = 4
Time taken for FastFlown version: 0 milliseconds
FF Static Chunk execution with argument: 128
mtx_lenght = 128
hardware_concurrency = 32
num_threads = 4
Time taken for FastFlown version: 0 milliseconds
FF Static Chunk execution with argument: 256
mtx_lenght = 256
hardware_concurrency = 32
num_threads = 4
Time taken for FastFlown version: 2 milliseconds
FF Static Chunk execution with argument: 512
mtx_lenght = 512
hardware_concurrency = 32
num_threads = 4
Time taken for FastFlown version: 11 milliseconds
FF Static Chunk execution with argument: 1024
mtx_lenght = 1024
hardware_concurrency = 32
num_threads = 4
Time taken for FastFlown version: 70 milliseconds
FF Static Chunk execution with argument: 2048
mtx_lenght = 2048
hardware_concurrency = 32
num_threads = 4
Time taken for FastFlown version: 650 milliseconds
FF Static Chunk execution with argument: 4096
mtx_lenght = 4096
hardware_concurrency = 32
num_threads = 4
Time taken for FastFlown version: 5874 milliseconds
FF Static Chunk execution with argument: 8192
mtx_lenght = 8192
hardware_concurrency = 32
num_threads = 4
Time taken for FastFlown version: 43215 milliseconds
FF Static Chunk execution with argument: 16384
mtx_lenght = 16384
hardware_concurrency = 32
num_threads = 4
Time taken for FastFlown version: 334032 milliseconds
FF Static Chunk execution with argument: 32768
mtx_lenght = 32768
hardware_concurrency = 32
num_threads = 4
Time taken for FastFlown version: 2612802 milliseconds
FF Static Chunk execution with argument: 64
mtx_lenght = 64
hardware_concurrency = 32
num_threads = 8
Time taken for FastFlown version: 1 milliseconds
FF Static Chunk execution with argument: 128
mtx_lenght = 128
hardware_concurrency = 32
num_threads = 8
Time taken for FastFlown version: 2 milliseconds
FF Static Chunk execution with argument: 256
mtx_lenght = 256
hardware_concurrency = 32
num_threads = 8
Time taken for FastFlown version: 2 milliseconds
FF Static Chunk execution with argument: 512
mtx_lenght = 512
hardware_concurrency = 32
num_threads = 8
Time taken for FastFlown version: 7 milliseconds
FF Static Chunk execution with argument: 1024
mtx_lenght = 1024
hardware_concurrency = 32
num_threads = 8
Time taken for FastFlown version: 38 milliseconds
FF Static Chunk execution with argument: 2048
mtx_lenght = 2048
hardware_concurrency = 32
num_threads = 8
Time taken for FastFlown version: 397 milliseconds
FF Static Chunk execution with argument: 4096
mtx_lenght = 4096
hardware_concurrency = 32
num_threads = 8
Time taken for FastFlown version: 4631 milliseconds
FF Static Chunk execution with argument: 8192
mtx_lenght = 8192
hardware_concurrency = 32
num_threads = 8
Time taken for FastFlown version: 34625 milliseconds
FF Static Chunk execution with argument: 16384
mtx_lenght = 16384
hardware_concurrency = 32
num_threads = 8
Time taken for FastFlown version: 271484 milliseconds
FF Static Chunk execution with argument: 32768
mtx_lenght = 32768
hardware_concurrency = 32
num_threads = 8
Time taken for FastFlown version: 2115660 milliseconds
FF Static Chunk execution with argument: 64
mtx_lenght = 64
hardware_concurrency = 32
num_threads = 16
Time taken for FastFlown version: 2 milliseconds
FF Static Chunk execution with argument: 128
mtx_lenght = 128
hardware_concurrency = 32
num_threads = 16
Time taken for FastFlown version: 3 milliseconds
FF Static Chunk execution with argument: 256
mtx_lenght = 256
hardware_concurrency = 32
num_threads = 16
Time taken for FastFlown version: 4 milliseconds
FF Static Chunk execution with argument: 512
mtx_lenght = 512
hardware_concurrency = 32
num_threads = 16
Time taken for FastFlown version: 7 milliseconds
FF Static Chunk execution with argument: 1024
mtx_lenght = 1024
hardware_concurrency = 32
num_threads = 16
Time taken for FastFlown version: 25 milliseconds
FF Static Chunk execution with argument: 2048
mtx_lenght = 2048
hardware_concurrency = 32
num_threads = 16
Time taken for FastFlown version: 143 milliseconds
FF Static Chunk execution with argument: 4096
mtx_lenght = 4096
hardware_concurrency = 32
num_threads = 16
Time taken for FastFlown version: 2689 milliseconds
FF Static Chunk execution with argument: 8192
mtx_lenght = 8192
hardware_concurrency = 32
num_threads = 16
Time taken for FastFlown version: 22343 milliseconds
FF Static Chunk execution with argument: 16384
mtx_lenght = 16384
hardware_concurrency = 32
num_threads = 16
Time taken for FastFlown version: 162831 milliseconds
FF Static Chunk execution with argument: 32768
mtx_lenght = 32768
hardware_concurrency = 32
num_threads = 16
Time taken for FastFlown version: 1252111 milliseconds
