FF Static Chunk execution with argument: 64
mtx_lenght = 64
hardware_concurrency = 32
num_threads = 4
Time taken for FastFlown version: 0 milliseconds
FF Static Chunk execution with argument: 128
mtx_lenght = 128
hardware_concurrency = 32
num_threads = 4
Time taken for FastFlown version: 1 milliseconds
FF Static Chunk execution with argument: 256
mtx_lenght = 256
hardware_concurrency = 32
num_threads = 4
Time taken for FastFlown version: 2 milliseconds
FF Static Chunk execution with argument: 512
mtx_lenght = 512
hardware_concurrency = 32
num_threads = 4
Time taken for FastFlown version: 11 milliseconds
FF Static Chunk execution with argument: 1024
mtx_lenght = 1024
hardware_concurrency = 32
num_threads = 4
Time taken for FastFlown version: 70 milliseconds
FF Static Chunk execution with argument: 2048
mtx_lenght = 2048
hardware_concurrency = 32
num_threads = 4
Time taken for FastFlown version: 653 milliseconds
FF Static Chunk execution with argument: 4096
mtx_lenght = 4096
hardware_concurrency = 32
num_threads = 4
Time taken for FastFlown version: 5879 milliseconds
FF Static Chunk execution with argument: 8192
mtx_lenght = 8192
hardware_concurrency = 32
num_threads = 4
Time taken for FastFlown version: 43462 milliseconds
FF Static Chunk execution with argument: 16384
mtx_lenght = 16384
hardware_concurrency = 32
num_threads = 4
Time taken for FastFlown version: 334106 milliseconds
FF Static Chunk execution with argument: 32768
mtx_lenght = 32768
hardware_concurrency = 32
num_threads = 4
Time taken for FastFlown version: 2616029 milliseconds
FF Static Chunk execution with argument: 64
mtx_lenght = 64
hardware_concurrency = 32
num_threads = 8
Time taken for FastFlown version: 1 milliseconds
FF Static Chunk execution with argument: 128
mtx_lenght = 128
hardware_concurrency = 32
num_threads = 8
Time taken for FastFlown version: 1 milliseconds
FF Static Chunk execution with argument: 256
mtx_lenght = 256
hardware_concurrency = 32
num_threads = 8
Time taken for FastFlown version: 2 milliseconds
FF Static Chunk execution with argument: 512
mtx_lenght = 512
hardware_concurrency = 32
num_threads = 8
Time taken for FastFlown version: 6 milliseconds
FF Static Chunk execution with argument: 1024
mtx_lenght = 1024
hardware_concurrency = 32
num_threads = 8
Time taken for FastFlown version: 38 milliseconds
FF Static Chunk execution with argument: 2048
mtx_lenght = 2048
hardware_concurrency = 32
num_threads = 8
Time taken for FastFlown version: 397 milliseconds
FF Static Chunk execution with argument: 4096
mtx_lenght = 4096
hardware_concurrency = 32
num_threads = 8
Time taken for FastFlown version: 4631 milliseconds
FF Static Chunk execution with argument: 8192
mtx_lenght = 8192
hardware_concurrency = 32
num_threads = 8
Time taken for FastFlown version: 34599 milliseconds
FF Static Chunk execution with argument: 16384
mtx_lenght = 16384
hardware_concurrency = 32
num_threads = 8
Time taken for FastFlown version: 271032 milliseconds
FF Static Chunk execution with argument: 32768
mtx_lenght = 32768
hardware_concurrency = 32
num_threads = 8
Time taken for FastFlown version: 2116634 milliseconds
FF Static Chunk execution with argument: 64
mtx_lenght = 64
hardware_concurrency = 32
num_threads = 16
Time taken for FastFlown version: 2 milliseconds
FF Static Chunk execution with argument: 128
mtx_lenght = 128
hardware_concurrency = 32
num_threads = 16
Time taken for FastFlown version: 3 milliseconds
FF Static Chunk execution with argument: 256
mtx_lenght = 256
hardware_concurrency = 32
num_threads = 16
Time taken for FastFlown version: 4 milliseconds
FF Static Chunk execution with argument: 512
mtx_lenght = 512
hardware_concurrency = 32
num_threads = 16
Time taken for FastFlown version: 7 milliseconds
FF Static Chunk execution with argument: 1024
mtx_lenght = 1024
hardware_concurrency = 32
num_threads = 16
Time taken for FastFlown version: 25 milliseconds
FF Static Chunk execution with argument: 2048
mtx_lenght = 2048
hardware_concurrency = 32
num_threads = 16
Time taken for FastFlown version: 143 milliseconds
FF Static Chunk execution with argument: 4096
mtx_lenght = 4096
hardware_concurrency = 32
num_threads = 16
Time taken for FastFlown version: 2695 milliseconds
FF Static Chunk execution with argument: 8192
mtx_lenght = 8192
hardware_concurrency = 32
num_threads = 16
Time taken for FastFlown version: 22463 milliseconds
FF Static Chunk execution with argument: 16384
mtx_lenght = 16384
hardware_concurrency = 32
num_threads = 16
Time taken for FastFlown version: 162564 milliseconds
FF Static Chunk execution with argument: 32768
mtx_lenght = 32768
hardware_concurrency = 32
num_threads = 16
Time taken for FastFlown version: 1258398 milliseconds
